{"/Users/ramiaq/Documents/Microverse/Module2/todo-list/src/tasks-handler.js": {"path":"/Users/ramiaq/Documents/Microverse/Module2/todo-list/src/tasks-handler.js","statementMap":{"0":{"start":{"line":19,"column":20},"end":{"line":19,"column":31}},"1":{"start":{"line":20,"column":4},"end":{"line":27,"column":5}},"2":{"start":{"line":21,"column":19},"end":{"line":25,"column":7}},"3":{"start":{"line":26,"column":6},"end":{"line":26,"column":22}},"4":{"start":{"line":28,"column":4},"end":{"line":28,"column":33}},"5":{"start":{"line":33,"column":4},"end":{"line":44,"column":5}},"6":{"start":{"line":34,"column":23},"end":{"line":34,"column":38}},"7":{"start":{"line":35,"column":6},"end":{"line":43,"column":7}},"8":{"start":{"line":36,"column":8},"end":{"line":36,"column":26}},"9":{"start":{"line":38,"column":8},"end":{"line":38,"column":26}},"10":{"start":{"line":39,"column":16},"end":{"line":39,"column":27}},"11":{"start":{"line":40,"column":8},"end":{"line":42,"column":9}},"12":{"start":{"line":41,"column":10},"end":{"line":41,"column":29}},"13":{"start":{"line":49,"column":4},"end":{"line":49,"column":36}},"14":{"start":{"line":53,"column":0},"end":{"line":53,"column":22}}},"fnMap":{"0":{"name":"(anonymous_0)","decl":{"start":{"line":18,"column":2},"end":{"line":18,"column":3}},"loc":{"start":{"line":18,"column":30},"end":{"line":29,"column":3}},"line":18},"1":{"name":"(anonymous_1)","decl":{"start":{"line":32,"column":2},"end":{"line":32,"column":3}},"loc":{"start":{"line":32,"column":29},"end":{"line":45,"column":3}},"line":32},"2":{"name":"(anonymous_2)","decl":{"start":{"line":48,"column":2},"end":{"line":48,"column":3}},"loc":{"start":{"line":48,"column":47},"end":{"line":50,"column":3}},"line":48}},"branchMap":{"0":{"loc":{"start":{"line":20,"column":4},"end":{"line":27,"column":5}},"type":"if","locations":[{"start":{"line":20,"column":4},"end":{"line":27,"column":5}},{"start":{"line":20,"column":4},"end":{"line":27,"column":5}}],"line":20},"1":{"loc":{"start":{"line":33,"column":4},"end":{"line":44,"column":5}},"type":"if","locations":[{"start":{"line":33,"column":4},"end":{"line":44,"column":5}},{"start":{"line":33,"column":4},"end":{"line":44,"column":5}}],"line":33},"2":{"loc":{"start":{"line":35,"column":6},"end":{"line":43,"column":7}},"type":"if","locations":[{"start":{"line":35,"column":6},"end":{"line":43,"column":7}},{"start":{"line":35,"column":6},"end":{"line":43,"column":7}}],"line":35}},"s":{"0":2,"1":2,"2":1,"3":1,"4":2,"5":0,"6":0,"7":0,"8":0,"9":0,"10":0,"11":0,"12":0,"13":0,"14":1},"f":{"0":2,"1":0,"2":0},"b":{"0":[1,1],"1":[0,0],"2":[0,0]},"_coverageSchema":"1a1c01bbd47fc00a2c39e90264f33305004495a9","hash":"5bc3e35c6c2e010a3ef005bb6d86f2a4a8db2ed7"}
}
